e:\南昌大学\研究生学习\学习资料\c语言\作业\wujiekd - 副本\wujiekd\debug\学生成绩管理系统.pch
e:\南昌大学\研究生学习\学习资料\c语言\作业\wujiekd - 副本\wujiekd\debug\vc143.pdb
e:\南昌大学\研究生学习\学习资料\c语言\作业\wujiekd - 副本\wujiekd\debug\vc143.idb
e:\南昌大学\研究生学习\学习资料\c语言\作业\wujiekd - 副本\wujiekd\debug\stdafx.obj
e:\南昌大学\研究生学习\学习资料\c语言\作业\wujiekd - 副本\wujiekd\debug\managementsystemdlg.obj
e:\南昌大学\研究生学习\学习资料\c语言\作业\wujiekd - 副本\wujiekd\debug\managementsystem.obj
e:\南昌大学\研究生学习\学习资料\c语言\作业\wujiekd - 副本\wujiekd\debug\mysave.obj
e:\南昌大学\研究生学习\学习资料\c语言\作业\wujiekd - 副本\wujiekd\debug\mymenu.obj
e:\南昌大学\研究生学习\学习资料\c语言\作业\wujiekd - 副本\wujiekd\debug\myimport.obj
e:\南昌大学\研究生学习\学习资料\c语言\作业\wujiekd - 副本\wujiekd\debug\myfinds.obj
e:\南昌大学\研究生学习\学习资料\c语言\作业\wujiekd - 副本\wujiekd\debug\mydelete.obj
e:\南昌大学\研究生学习\学习资料\c语言\作业\wujiekd - 副本\wujiekd\debug\mychange.obj
e:\南昌大学\研究生学习\学习资料\c语言\作业\wujiekd - 副本\wujiekd\debug\myadd.obj
e:\南昌大学\研究生学习\学习资料\c语言\作业\wujiekd - 副本 - 副本\wujiekd\debug\学生成绩管理系统.pch
e:\南昌大学\研究生学习\学习资料\c语言\作业\wujiekd - 副本 - 副本\wujiekd\debug\vc143.pdb
e:\南昌大学\研究生学习\学习资料\c语言\作业\wujiekd - 副本 - 副本\wujiekd\debug\vc143.idb
e:\南昌大学\研究生学习\学习资料\c语言\作业\wujiekd - 副本 - 副本\wujiekd\debug\stdafx.obj
e:\南昌大学\研究生学习\学习资料\c语言\作业\wujiekd - 副本 - 副本\wujiekd\debug\managementsystemdlg.obj
e:\南昌大学\研究生学习\学习资料\c语言\作业\wujiekd - 副本 - 副本\wujiekd\debug\managementsystem.obj
e:\南昌大学\研究生学习\学习资料\c语言\作业\wujiekd - 副本 - 副本\wujiekd\debug\mysave.obj
e:\南昌大学\研究生学习\学习资料\c语言\作业\wujiekd - 副本 - 副本\wujiekd\debug\mymenu.obj
e:\南昌大学\研究生学习\学习资料\c语言\作业\wujiekd - 副本 - 副本\wujiekd\debug\myimport.obj
e:\南昌大学\研究生学习\学习资料\c语言\作业\wujiekd - 副本 - 副本\wujiekd\debug\myfinds.obj
e:\南昌大学\研究生学习\学习资料\c语言\作业\wujiekd - 副本 - 副本\wujiekd\debug\mydelete.obj
e:\南昌大学\研究生学习\学习资料\c语言\作业\wujiekd - 副本 - 副本\wujiekd\debug\mychange.obj
e:\南昌大学\研究生学习\学习资料\c语言\作业\wujiekd - 副本 - 副本\wujiekd\debug\myadd.obj
e:\南昌大学\研究生学习\学习资料\c语言\作业\wujiekd - 副本 - 副本 - 副本\wujiekd\debug\学生成绩管理系统.pch
e:\南昌大学\研究生学习\学习资料\c语言\作业\wujiekd - 副本 - 副本 - 副本\wujiekd\debug\vc143.pdb
e:\南昌大学\研究生学习\学习资料\c语言\作业\wujiekd - 副本 - 副本 - 副本\wujiekd\debug\vc143.idb
e:\南昌大学\研究生学习\学习资料\c语言\作业\wujiekd - 副本 - 副本 - 副本\wujiekd\debug\stdafx.obj
e:\南昌大学\研究生学习\学习资料\c语言\作业\wujiekd - 副本 - 副本 - 副本\wujiekd\debug\mymenu.obj
e:\南昌大学\研究生学习\学习资料\c语言\作业\wujiekd - 副本 - 副本 - 副本\wujiekd\debug\myfinds.obj
e:\南昌大学\研究生学习\学习资料\c语言\作业\wujiekd - 副本 - 副本 - 副本\wujiekd\debug\managementsystemdlg.obj
e:\南昌大学\研究生学习\学习资料\c语言\作业\wujiekd - 副本 - 副本 - 副本\wujiekd\debug\mysave.obj
e:\南昌大学\研究生学习\学习资料\c语言\作业\wujiekd - 副本 - 副本 - 副本\wujiekd\debug\myimport.obj
e:\南昌大学\研究生学习\学习资料\c语言\作业\wujiekd - 副本 - 副本 - 副本\wujiekd\debug\mydelete.obj
e:\南昌大学\研究生学习\学习资料\c语言\作业\wujiekd - 副本 - 副本 - 副本\wujiekd\debug\mychange.obj
e:\南昌大学\研究生学习\学习资料\c语言\作业\wujiekd - 副本 - 副本 - 副本\wujiekd\debug\myadd.obj
e:\南昌大学\研究生学习\学习资料\c语言\作业\wujiekd - 副本 - 副本 - 副本\wujiekd\debug\managementsystem.obj
e:\南昌大学\研究生学习\学习资料\c语言\作业\学生成绩管理系统终\wujiekd\debug\学生成绩管理系统.pch
e:\南昌大学\研究生学习\学习资料\c语言\作业\学生成绩管理系统终\wujiekd\debug\vc143.pdb
e:\南昌大学\研究生学习\学习资料\c语言\作业\学生成绩管理系统终\wujiekd\debug\vc143.idb
e:\南昌大学\研究生学习\学习资料\c语言\作业\学生成绩管理系统终\wujiekd\debug\stdafx.obj
e:\南昌大学\研究生学习\学习资料\c语言\作业\学生成绩管理系统终\wujiekd\debug\managementsystemdlg.obj
e:\南昌大学\研究生学习\学习资料\c语言\作业\学生成绩管理系统终\wujiekd\debug\managementsystem.obj
e:\南昌大学\研究生学习\学习资料\c语言\作业\学生成绩管理系统终\wujiekd\debug\mysave.obj
e:\南昌大学\研究生学习\学习资料\c语言\作业\学生成绩管理系统终\wujiekd\debug\mymenu.obj
e:\南昌大学\研究生学习\学习资料\c语言\作业\学生成绩管理系统终\wujiekd\debug\myimport.obj
e:\南昌大学\研究生学习\学习资料\c语言\作业\学生成绩管理系统终\wujiekd\debug\myfinds.obj
e:\南昌大学\研究生学习\学习资料\c语言\作业\学生成绩管理系统终\wujiekd\debug\mydelete.obj
e:\南昌大学\研究生学习\学习资料\c语言\作业\学生成绩管理系统终\wujiekd\debug\mychange.obj
e:\南昌大学\研究生学习\学习资料\c语言\作业\学生成绩管理系统终\wujiekd\debug\myadd.obj
e:\南昌大学\研究生学习\学习资料\c语言\作业\wujiekd - 副本\debug\学生成绩管理系统.exe
e:\南昌大学\研究生学习\学习资料\c语言\作业\wujiekd - 副本\wujiekd\debug\学生成绩管理系统.ilk
e:\南昌大学\研究生学习\学习资料\c语言\作业\wujiekd - 副本\debug\学生成绩管理系统.pdb
e:\南昌大学\研究生学习\学习资料\c语言\作业\wujiekd - 副本 - 副本\debug\学生成绩管理系统.exe
e:\南昌大学\研究生学习\学习资料\c语言\作业\wujiekd - 副本 - 副本\wujiekd\debug\学生成绩管理系统.ilk
e:\南昌大学\研究生学习\学习资料\c语言\作业\wujiekd - 副本 - 副本\debug\学生成绩管理系统.pdb
e:\南昌大学\研究生学习\学习资料\c语言\作业\wujiekd - 副本 - 副本 - 副本\debug\学生成绩管理系统.exe
e:\南昌大学\研究生学习\学习资料\c语言\作业\wujiekd - 副本 - 副本 - 副本\wujiekd\debug\学生成绩管理系统.ilk
e:\南昌大学\研究生学习\学习资料\c语言\作业\wujiekd - 副本 - 副本 - 副本\debug\学生成绩管理系统.pdb
e:\南昌大学\研究生学习\学习资料\c语言\作业\学生成绩管理系统终\debug\学生成绩管理系统.exe
e:\南昌大学\研究生学习\学习资料\c语言\作业\学生成绩管理系统终\wujiekd\debug\学生成绩管理系统.ilk
e:\南昌大学\研究生学习\学习资料\c语言\作业\学生成绩管理系统终\debug\学生成绩管理系统.pdb
e:\南昌大学\研究生学习\学习资料\c语言\作业\wujiekd - 副本\wujiekd\debug\wujiekd.res
e:\南昌大学\研究生学习\学习资料\c语言\作业\wujiekd - 副本 - 副本\wujiekd\debug\wujiekd.res
e:\南昌大学\研究生学习\学习资料\c语言\作业\wujiekd - 副本 - 副本 - 副本\wujiekd\debug\wujiekd.res
e:\南昌大学\研究生学习\学习资料\c语言\作业\学生成绩管理系统终\wujiekd\debug\wujiekd.res
e:\南昌大学\研究生学习\学习资料\c语言\作业\学生成绩管理系统终\wujiekd\debug\menu.obj
e:\南昌大学\研究生学习\学习资料\c语言\作业\学生成绩管理系统终\wujiekd\debug\wujiekd.obj
e:\南昌大学\研究生学习\学习资料\c语言\作业\学生成绩管理系统终\wujiekd\debug\mymenu.obj.enc
e:\南昌大学\研究生学习\学习资料\c语言\作业\学生成绩管理系统终\wujiekd\debug\vc141.idb
e:\南昌大学\研究生学习\学习资料\c语言\作业\学生成绩管理系统终\wujiekd\debug\vc141.pdb
e:\南昌大学\研究生学习\学习资料\c语言\作业\学生成绩管理系统终\wujiekd\debug\学生成绩管理系统.tlog\cl.command.1.tlog
e:\南昌大学\研究生学习\学习资料\c语言\作业\学生成绩管理系统终\wujiekd\debug\学生成绩管理系统.tlog\cl.read.1.tlog
e:\南昌大学\研究生学习\学习资料\c语言\作业\学生成绩管理系统终\wujiekd\debug\学生成绩管理系统.tlog\cl.write.1.tlog
e:\南昌大学\研究生学习\学习资料\c语言\作业\学生成绩管理系统终\wujiekd\debug\学生成绩管理系统.tlog\link.command.1.tlog
e:\南昌大学\研究生学习\学习资料\c语言\作业\学生成绩管理系统终\wujiekd\debug\学生成绩管理系统.tlog\link.read.1.tlog
e:\南昌大学\研究生学习\学习资料\c语言\作业\学生成绩管理系统终\wujiekd\debug\学生成绩管理系统.tlog\link.write.1.tlog
e:\南昌大学\研究生学习\学习资料\c语言\作业\学生成绩管理系统终\wujiekd\debug\学生成绩管理系统.tlog\rc.command.1.tlog
e:\南昌大学\研究生学习\学习资料\c语言\作业\学生成绩管理系统终\wujiekd\debug\学生成绩管理系统.tlog\rc.read.1.tlog
e:\南昌大学\研究生学习\学习资料\c语言\作业\学生成绩管理系统终\wujiekd\debug\学生成绩管理系统.tlog\rc.write.1.tlog
